<?xml version="1.0" encoding="UTF-8"?>
<!-- Generated by org.testng.reporters.JUnitXMLReporter -->
<testsuite ignored="7" hostname="DESKTOP-9RJ5S8R" failures="0" tests="1" name="Default test" time="46.399" errors="0" timestamp="2024-04-11T18:55:58 IST">
  <testcase classname="test.AddToCartPageTest" name="verifyProductQuickView" time="15.934"/>
  <testcase classname="test.AddToCartPageTest" name="verifyProceedToCheckoutFunctinality" time="0.0">
    <ignored/>
  </testcase> <!-- verifyProceedToCheckoutFunctinality -->
  <testcase classname="test.AddToCartPageTest" name="verifyRemoveproductFromCart" time="0.0">
    <ignored/>
  </testcase> <!-- verifyRemoveproductFromCart -->
  <testcase classname="test.AddToCartPageTest" name="verifyProceedToCheckoutFunctinalityWithoutLogin" time="0.0">
    <ignored/>
  </testcase> <!-- verifyProceedToCheckoutFunctinalityWithoutLogin -->
  <testcase classname="test.AddToCartPageTest" name="verifyProductPriceInCart" time="0.0">
    <ignored/>
  </testcase> <!-- verifyProductPriceInCart -->
  <testcase classname="test.AddToCartPageTest" name="verifyProductCountAddedToCart" time="0.0">
    <ignored/>
  </testcase> <!-- verifyProductCountAddedToCart -->
  <testcase classname="test.AddToCartPageTest" name="verifyProductAddedToCart" time="0.0">
    <ignored/>
  </testcase> <!-- verifyProductAddedToCart -->
  <testcase classname="test.AddToCartPageTest" name="verifyProductDetailLinkOnCartPage" time="0.0">
    <ignored/>
  </testcase> <!-- verifyProductDetailLinkOnCartPage -->
</testsuite> <!-- Default test -->
