<?xml version="1.0" encoding="UTF-8"?>
<testng-results ignored="0" total="1" passed="1" failed="0" skipped="0">
  <reporter-output>
  </reporter-output>
  <suite started-at="2024-04-11T18:55:12 IST" name="Default suite" finished-at="2024-04-11T18:55:58 IST" duration-ms="46399">
    <groups>
    </groups>
    <test started-at="2024-04-11T18:55:12 IST" name="Default test" finished-at="2024-04-11T18:55:58 IST" duration-ms="46399">
      <class name="test.AddToCartPageTest">
        <test-method is-config="true" signature="launchApplication()[pri:0, instance:test.AddToCartPageTest@6475472c]" started-at="2024-04-11T18:55:12 IST" name="launchApplication" finished-at="2024-04-11T18:55:42 IST" duration-ms="30278" status="PASS">
          <reporter-output>
          </reporter-output>
        </test-method> <!-- launchApplication -->
        <test-method signature="verifyProductQuickView()[pri:0, instance:test.AddToCartPageTest@6475472c]" started-at="2024-04-11T18:55:42 IST" name="verifyProductQuickView" finished-at="2024-04-11T18:55:58 IST" duration-ms="15934" status="PASS">
          <reporter-output>
          </reporter-output>
        </test-method> <!-- verifyProductQuickView -->
      </class> <!-- test.AddToCartPageTest -->
    </test> <!-- Default test -->
  </suite> <!-- Default suite -->
</testng-results>
